<?xml version="1.0" encoding="UTF-8"?>
<!-- Generated by org.testng.reporters.JUnitXMLReporter -->
<testsuite hostname="LAPTOP-CJ23D15G" name="Default test" tests="6" failures="0" timestamp="20 Apr 2021 05:33:39 GMT" time="0.031" errors="0">
  <testcase name="day" time="0.009" classname="Testng_basics.priority"/>
  <testcase name="selenium" time="0.001" classname="Testng_basics.priority"/>
  <testcase name="selenium" time="0.0" classname="Testng_basics.priority"/>
  <testcase name="selenium" time="0.0" classname="Testng_basics.priority"/>
  <testcase name="selenium" time="0.001" classname="Testng_basics.priority"/>
  <testcase name="selenium" time="0.0" classname="Testng_basics.priority"/>
</testsuite> <!-- Default test -->
