<?xml version="1.0" encoding="UTF-8"?>
<testng-results skipped="0" failed="0" total="6" passed="6">
  <reporter-output>
  </reporter-output>
  <suite name="Default suite" duration-ms="31" started-at="2021-04-20T05:33:39Z" finished-at="2021-04-20T05:33:39Z">
    <groups>
    </groups>
    <test name="Default test" duration-ms="31" started-at="2021-04-20T05:33:39Z" finished-at="2021-04-20T05:33:39Z">
      <class name="Testng_basics.priority">
        <test-method status="PASS" signature="day()[pri:0, instance:Testng_basics.priority@21a06946]" name="day" duration-ms="9" started-at="2021-04-20T11:03:39Z" finished-at="2021-04-20T11:03:39Z">
          <reporter-output>
          </reporter-output>
        </test-method> <!-- day -->
        <test-method status="PASS" signature="selenium()[pri:0, instance:Testng_basics.priority@21a06946]" name="selenium" duration-ms="1" started-at="2021-04-20T11:03:39Z" finished-at="2021-04-20T11:03:39Z">
          <reporter-output>
          </reporter-output>
        </test-method> <!-- selenium -->
        <test-method status="PASS" signature="selenium()[pri:0, instance:Testng_basics.priority@21a06946]" name="selenium" duration-ms="0" started-at="2021-04-20T11:03:39Z" finished-at="2021-04-20T11:03:39Z">
          <reporter-output>
          </reporter-output>
        </test-method> <!-- selenium -->
        <test-method status="PASS" signature="selenium()[pri:0, instance:Testng_basics.priority@21a06946]" name="selenium" duration-ms="0" started-at="2021-04-20T11:03:39Z" finished-at="2021-04-20T11:03:39Z">
          <reporter-output>
          </reporter-output>
        </test-method> <!-- selenium -->
        <test-method status="PASS" signature="selenium()[pri:0, instance:Testng_basics.priority@21a06946]" name="selenium" duration-ms="1" started-at="2021-04-20T11:03:39Z" finished-at="2021-04-20T11:03:39Z">
          <reporter-output>
          </reporter-output>
        </test-method> <!-- selenium -->
        <test-method status="PASS" signature="selenium()[pri:0, instance:Testng_basics.priority@21a06946]" name="selenium" duration-ms="0" started-at="2021-04-20T11:03:39Z" finished-at="2021-04-20T11:03:39Z">
          <reporter-output>
          </reporter-output>
        </test-method> <!-- selenium -->
      </class> <!-- Testng_basics.priority -->
    </test> <!-- Default test -->
  </suite> <!-- Default suite -->
</testng-results>
